[01:43:33] [ServerMain/INFO]: [bootstrap] Running Java 21 (Java HotSpot(TM) 64-Bit Server VM 21.0.6+8-LTS-188; Oracle Corporation null) on Windows 11 10.0 (amd64)
[01:43:33] [ServerMain/INFO]: [bootstrap] Loading Paper 1.21.5-114-ver/1.21.5@a1b3058 (2025-06-18T10:59:02Z) for Minecraft 1.21.5
[01:43:34] [ServerMain/INFO]: [PluginInitializerManager] Initializing plugins...
[01:43:35] [Paper Plugin Remapper Thread - 0/INFO]: [ReobfServer] Remapping server...
[01:43:38] [Paper Plugin Remapper Thread - 0/INFO]: [ReobfServer] Done remapping server in 3667ms.
[01:43:38] [Paper Plugin Remapper Thread - 0/INFO]: [PluginRemapper] Remapping plugin 'C:\Users\Bastty Bastty\Desktop\minecraft-xc\mc-kotlin-template\build\libs\PluginTemplate-1.0-reobf.jar'...
[01:43:39] [Paper Plugin Remapper Thread - 0/INFO]: [PluginRemapper] Done remapping plugin 'C:\Users\Bastty Bastty\Desktop\minecraft-xc\mc-kotlin-template\build\libs\PluginTemplate-1.0-reobf.jar' in 409ms.
[01:43:39] [ServerMain/INFO]: [PluginInitializerManager] Initialized 1 plugin
[01:43:39] [ServerMain/INFO]: [PluginInitializerManager] Bukkit plugins (1):
 - TestPlugin (1.0)
[01:43:43] [ServerMain/INFO]: Environment: Environment[sessionHost=https://sessionserver.mojang.com, servicesHost=https://api.minecraftservices.com, name=PROD]
[01:43:43] [ServerMain/INFO]: Found new data pack file/bukkit, loading it automatically
[01:43:43] [ServerMain/INFO]: Found new data pack paper, loading it automatically
[01:43:44] [ServerMain/INFO]: No existing world data, creating new world
[01:43:44] [ServerMain/INFO]: Loaded 1373 recipes
[01:43:44] [ServerMain/INFO]: Loaded 1484 advancements
[01:43:44] [Server thread/INFO]: Starting minecraft server version 1.21.5
[01:43:44] [Server thread/INFO]: Loading properties
[01:43:45] [Server thread/INFO]: This server is running Paper version 1.21.5-114-ver/1.21.5@a1b3058 (2025-06-18T10:59:02Z) (Implementing API version 1.21.5-R0.1-SNAPSHOT)
[01:43:45] [Server thread/INFO]: [spark] This server bundles the spark profiler. For more information please visit https://docs.papermc.io/paper/profiling
[01:43:45] [Server thread/INFO]: Using 4 threads for Netty based IO
[01:43:45] [Server thread/INFO]: Server Ping Player Sample Count: 12
[01:43:45] [Server thread/INFO]: [MoonriseCommon] Paper is using 4 worker threads, 1 I/O threads
[01:43:45] [Server thread/INFO]: [ChunkTaskScheduler] Chunk system is using population gen parallelism: true
[01:43:45] [Server thread/INFO]: Default game type: SURVIVAL
[01:43:45] [Server thread/INFO]: Generating keypair
[01:43:45] [Server thread/INFO]: Starting Minecraft server on *:25565
[01:43:45] [Server thread/INFO]: Using default channel type
[01:43:45] [Server thread/INFO]: Paper: Using Java compression from Velocity.
[01:43:45] [Server thread/INFO]: Paper: Using Java cipher from Velocity.
[01:43:45] [Server thread/INFO]: [TestPlugin] Loading server plugin TestPlugin v1.0
[01:43:45] [Server thread/INFO]: Preparing level "world"
[01:43:48] [Server thread/INFO]: Preparing start region for dimension minecraft:overworld
[01:43:49] [Server thread/INFO]: Preparing spawn area: 2%
[01:43:49] [Server thread/INFO]: Preparing spawn area: 2%
[01:43:49] [Server thread/INFO]: Preparing spawn area: 24%
[01:43:50] [Server thread/INFO]: Preparing spawn area: 30%
[01:43:50] [Server thread/INFO]: Time elapsed: 1649 ms
[01:43:50] [Server thread/INFO]: Preparing start region for dimension minecraft:the_nether
[01:43:50] [Server thread/INFO]: Preparing spawn area: 2%
[01:43:50] [Server thread/INFO]: Time elapsed: 279 ms
[01:43:50] [Server thread/INFO]: Preparing start region for dimension minecraft:the_end
[01:43:50] [Server thread/INFO]: Preparing spawn area: 2%
[01:43:51] [Server thread/INFO]: Time elapsed: 90 ms
[01:43:51] [Server thread/INFO]: [TestPlugin] Enabling TestPlugin v1.0
[01:43:51] [Server thread/INFO]: Wow, it worked!
[01:43:51] [Server thread/INFO]: [spark] Starting background profiler...
[01:43:51] [Server thread/INFO]: [spark] The async-profiler engine is not supported for your os/arch (windows11/amd64), so the built-in Java engine will be used instead.
[01:43:51] [Server thread/INFO]: Done preparing level "world" (5.217s)
[01:43:51] [Server thread/INFO]: Running delayed init tasks
[01:43:51] [Server thread/INFO]: Done (17.979s)! For help, type "help"
[01:43:51] [Server thread/INFO]: *************************************************************************************
[01:43:51] [Server thread/INFO]: This is the first time you're starting this server.
[01:43:51] [Server thread/INFO]: It's recommended you read our 'Getting Started' documentation for guidance.
[01:43:51] [Server thread/INFO]: View this and more helpful information here: https://docs.papermc.io/paper/next-steps
[01:43:51] [Server thread/INFO]: *************************************************************************************
